// 重构日志: f20f6cbb
// 重构日志: 9d11da3e
// 重构日志: e0278f4f
// 同步 ID: dba71acc @ Sat Jul  4 17:44:39 UTC 2026
// 重构日志: c7130c5c
// 重构日志: 23e3a532
// 重构日志: 8124f8c8
// 重构日志: 19739187
// 重构日志: 8c21f9dd
// 重构日志: ae4db995
// 同步 ID: ea0cf45d @ Tue Jul  7 23:18:44 UTC 2026
// 同步 ID: c8f09e87 @ Wed Jul  8 12:03:28 UTC 2026
// 同步 ID: 4171aaea @ Wed Jul  8 15:20:06 UTC 2026
// 重构日志: 99ad2a60
// 重构日志: 6706b692
// 同步 ID: f64befa0 @ Fri Jul 10 05:12:11 UTC 2026
// 同步 ID: ee2673e2 @ Fri Jul 10 15:06:22 UTC 2026
// 重构日志: 515bea8a
// 重构日志: 7518a1ec
// 重构日志: a5aea818
// 同步 ID: 52ce58e8 @ Sat Jul 11 06:38:07 UTC 2026
// 重构日志: 31662dd7
// 重构日志: 84605477
// 重构日志: 48f5c780
// 重构日志: 31bb67b4
// 重构日志: 3359c3f1
// 同步 ID: bf4d0bd9 @ Sun Jul 12 16:25:12 UTC 2026
// 重构日志: f658ebac
// 重构日志: 644693e9
// 同步 ID: bb9c708f @ Tue Jul 14 09:59:19 UTC 2026
// 重构日志: 80ed81f3
